\BOOKMARK [1][-]{section.1}{\376\377\116\373\122\241\151\202\217\360}{}% 1
\BOOKMARK [1][-]{section.2}{\376\377\225\356\230\230\122\006\147\220}{}% 2
\BOOKMARK [2][-]{subsection.2.1}{\376\377\145\160\143\156\162\171\160\271}{section.2}% 3
\BOOKMARK [2][-]{subsection.2.2}{\376\377\225\356\230\230\136\372\152\041}{section.2}% 4
\BOOKMARK [1][-]{section.3}{\376\377\173\227\154\325\220\011\142\351\116\016\213\276\213\241\140\035\215\357}{}% 5
\BOOKMARK [2][-]{subsection.3.1}{\376\377\173\227\154\325\220\011\142\351\164\006\165\061}{section.3}% 6
\BOOKMARK [3][-]{subsubsection.3.1.1}{\376\377\133\144\172\313\150\356\147\227\377\010\000I\000s\000o\000l\000a\000t\000i\000o\000n\000\040\000F\000o\000r\000e\000s\000t\377\011}{subsection.3.1}% 7
\BOOKMARK [3][-]{subsubsection.3.1.2}{\376\377\123\125\174\173\145\057\143\001\124\021\221\317\147\072\377\010\000O\000n\000e\000-\000C\000l\000a\000s\000s\000\040\000S\000V\000M\377\011}{subsection.3.1}% 8
\BOOKMARK [3][-]{subsubsection.3.1.3}{\376\377\134\100\220\350\171\273\177\244\126\340\133\120\377\010\000L\000o\000c\000a\000l\000\040\000O\000u\000t\000l\000i\000e\000r\000\040\000F\000a\000c\000t\000o\000r\000,\000\040\000L\000O\000F\377\011}{subsection.3.1}% 9
\BOOKMARK [3][-]{subsubsection.3.1.4}{\376\377\151\055\127\006\123\005\176\334\377\010\000E\000l\000l\000i\000p\000t\000i\000c\000\040\000E\000n\000v\000e\000l\000o\000p\000e\377\011}{subsection.3.1}% 10
\BOOKMARK [3][-]{subsubsection.3.1.5}{\376\377\232\330\145\257\155\367\124\010\152\041\127\213\377\010\000G\000a\000u\000s\000s\000i\000a\000n\000\040\000M\000i\000x\000t\000u\000r\000e\000\040\000M\000o\000d\000e\000l\000,\000\040\000G\000M\000M\377\011}{subsection.3.1}% 11
\BOOKMARK [2][-]{subsection.3.2}{\376\377\173\227\154\325\213\276\213\241\176\306\202\202}{section.3}% 12
\BOOKMARK [3][-]{subsubsection.3.2.1}{\376\377\154\141\147\323\163\207\377\010\000C\000o\000n\000t\000a\000m\000i\000n\000a\000t\000i\000o\000n\377\011\213\276\177\156}{subsection.3.2}% 13
\BOOKMARK [3][-]{subsubsection.3.2.2}{\376\377\137\002\136\070\122\006\145\160\213\241\173\227}{subsection.3.2}% 14
\BOOKMARK [3][-]{subsubsection.3.2.3}{\376\377\152\041\127\213\213\255\176\303\155\101\172\013}{subsection.3.2}% 15
\BOOKMARK [1][-]{section.4}{\376\377\213\304\117\060\143\007\150\007\220\011\142\351}{}% 16
\BOOKMARK [2][-]{subsection.4.1}{\376\377\155\367\155\306\167\351\226\065}{section.4}% 17
\BOOKMARK [2][-]{subsection.4.2}{\376\377\121\163\225\056\143\007\150\007}{section.4}% 18
\BOOKMARK [2][-]{subsection.4.3}{\376\377\143\007\150\007\220\011\142\351\164\006\165\061}{section.4}% 19
\BOOKMARK [1][-]{section.5}{\376\377\133\236\232\214\176\323\147\234}{}% 20
\BOOKMARK [2][-]{subsection.5.1}{\376\377\145\164\117\123\140\047\200\375\133\371\153\324}{section.5}% 21
\BOOKMARK [2][-]{subsection.5.2}{\376\377\147\000\117\163\152\041\127\213\377\032\000I\000s\000o\000l\000a\000t\000i\000o\000n\000\040\000F\000o\000r\000e\000s\000t}{section.5}% 22
\BOOKMARK [2][-]{subsection.5.3}{\376\377\155\367\155\306\167\351\226\065\122\006\147\220}{section.5}% 23
\BOOKMARK [2][-]{subsection.5.4}{\376\377\121\166\116\326\152\041\127\213\122\006\147\220}{section.5}% 24
\BOOKMARK [3][-]{subsubsection.5.4.1}{\376\377\000L\000O\000F\377\010\134\100\220\350\171\273\177\244\126\340\133\120\377\011}{subsection.5.4}% 25
\BOOKMARK [3][-]{subsubsection.5.4.2}{\376\377\000O\000n\000e\000-\000C\000l\000a\000s\000s\000\040\000S\000V\000M}{subsection.5.4}% 26
\BOOKMARK [3][-]{subsubsection.5.4.3}{\376\377\000E\000l\000l\000i\000p\000t\000i\000c\000\040\000E\000n\000v\000e\000l\000o\000p\000e\000\040\124\214\000\040\000G\000M\000M}{subsection.5.4}% 27
\BOOKMARK [1][-]{section.6}{\376\377\173\227\154\325\220\011\142\351\140\073\176\323}{}% 28
\BOOKMARK [2][-]{subsection.6.1}{\376\377\116\072\116\300\116\110\220\011\142\351\000I\000s\000o\000l\000a\000t\000i\000o\000n\000\040\000F\000o\000r\000e\000s\000t\377\037}{section.6}% 29
\BOOKMARK [2][-]{subsection.6.2}{\376\377\000I\000s\000o\000l\000a\000t\000i\000o\000n\000\040\000F\000o\000r\000e\000s\000t\135\345\117\134\123\237\164\006}{section.6}% 30
\BOOKMARK [1][-]{section.7}{\376\377\176\323\213\272\116\016\134\125\147\033}{}% 31
\BOOKMARK [2][-]{subsection.7.1}{\376\377\116\073\211\201\176\323\213\272}{section.7}% 32
\BOOKMARK [2][-]{subsection.7.2}{\376\377\123\073\165\227\136\224\165\050\136\372\213\256}{section.7}% 33
\BOOKMARK [2][-]{subsection.7.3}{\376\377\147\052\147\145\145\071\217\333\145\271\124\021}{section.7}% 34
